Started GET "/" for 127.0.0.1 at 2018-11-28 16:32:46 -0200
Processing by Rails::WelcomeController#index as HTML
  Rendering /home/daniele/.rvm/gems/ruby-2.5.3/gems/railties-5.2.1.1/lib/rails/templates/rails/welcome/index.html.erb
  Rendered /home/daniele/.rvm/gems/ruby-2.5.3/gems/railties-5.2.1.1/lib/rails/templates/rails/welcome/index.html.erb (37.4ms)
Completed 200 OK in 127ms (Views: 83.0ms | ActiveRecord: 0.0ms)


Started GET "/" for 127.0.0.1 at 2018-11-28 18:37:20 -0200
Processing by UserController#index as HTML
  Rendering user/index.html.erb within layouts/application
  Rendered user/index.html.erb within layouts/application (0.3ms)
Completed 200 OK in 1596ms (Views: 1595.1ms | ActiveRecord: 0.0ms)


Started GET "/" for 127.0.0.1 at 2018-11-28 21:09:29 -0200
Processing by UserController#index as HTML
  Rendering user/index.html.erb within layouts/application
  Rendered user/index.html.erb within layouts/application (0.4ms)
Completed 200 OK in 79ms (Views: 77.0ms | ActiveRecord: 0.0ms)


Started GET "/" for 127.0.0.1 at 2018-11-28 21:09:34 -0200
Processing by UserController#index as HTML
  Rendering user/index.html.erb within layouts/application
  Rendered user/index.html.erb within layouts/application (0.3ms)
Completed 200 OK in 25ms (Views: 23.9ms | ActiveRecord: 0.0ms)


Started GET "/articles/new" for 127.0.0.1 at 2018-11-28 21:12:29 -0200
  
ActionController::RoutingError (No route matches [GET] "/articles/new"):
  
actionpack (5.2.1.1) lib/action_dispatch/middleware/debug_exceptions.rb:65:in `call'
web-console (3.7.0) lib/web_console/middleware.rb:135:in `call_app'
web-console (3.7.0) lib/web_console/middleware.rb:30:in `block in call'
web-console (3.7.0) lib/web_console/middleware.rb:20:in `catch'
web-console (3.7.0) lib/web_console/middleware.rb:20:in `call'
actionpack (5.2.1.1) lib/action_dispatch/middleware/show_exceptions.rb:33:in `call'
railties (5.2.1.1) lib/rails/rack/logger.rb:38:in `call_app'
railties (5.2.1.1) lib/rails/rack/logger.rb:26:in `block in call'
activesupport (5.2.1.1) lib/active_support/tagged_logging.rb:71:in `block in tagged'
activesupport (5.2.1.1) lib/active_support/tagged_logging.rb:28:in `tagged'
activesupport (5.2.1.1) lib/active_support/tagged_logging.rb:71:in `tagged'
railties (5.2.1.1) lib/rails/rack/logger.rb:26:in `call'
sprockets-rails (3.2.1) lib/sprockets/rails/quiet_assets.rb:13:in `call'
actionpack (5.2.1.1) lib/action_dispatch/middleware/remote_ip.rb:81:in `call'
actionpack (5.2.1.1) lib/action_dispatch/middleware/request_id.rb:27:in `call'
rack (2.0.6) lib/rack/method_override.rb:22:in `call'
rack (2.0.6) lib/rack/runtime.rb:22:in `call'
activesupport (5.2.1.1) lib/active_support/cache/strategy/local_cache_middleware.rb:29:in `call'
actionpack (5.2.1.1) lib/action_dispatch/middleware/executor.rb:14:in `call'
actionpack (5.2.1.1) lib/action_dispatch/middleware/static.rb:127:in `call'
rack (2.0.6) lib/rack/sendfile.rb:111:in `call'
railties (5.2.1.1) lib/rails/engine.rb:524:in `call'
puma (3.12.0) lib/puma/configuration.rb:225:in `call'
puma (3.12.0) lib/puma/server.rb:658:in `handle_request'
puma (3.12.0) lib/puma/server.rb:472:in `process_client'
puma (3.12.0) lib/puma/server.rb:332:in `block in run'
puma (3.12.0) lib/puma/thread_pool.rb:133:in `block in spawn_thread'
Started GET "/" for 127.0.0.1 at 2018-11-28 21:28:53 -0200
  
ActiveRecord::PendingMigrationError (

Migrations are pending. To resolve this issue, run:

        bin/rails db:migrate RAILS_ENV=development

):
  
activerecord (5.2.1.1) lib/active_record/migration.rb:579:in `check_pending!'
activerecord (5.2.1.1) lib/active_record/migration.rb:556:in `call'
actionpack (5.2.1.1) lib/action_dispatch/middleware/callbacks.rb:28:in `block in call'
activesupport (5.2.1.1) lib/active_support/callbacks.rb:98:in `run_callbacks'
actionpack (5.2.1.1) lib/action_dispatch/middleware/callbacks.rb:26:in `call'
actionpack (5.2.1.1) lib/action_dispatch/middleware/executor.rb:14:in `call'
actionpack (5.2.1.1) lib/action_dispatch/middleware/debug_exceptions.rb:61:in `call'
web-console (3.7.0) lib/web_console/middleware.rb:135:in `call_app'
web-console (3.7.0) lib/web_console/middleware.rb:30:in `block in call'
web-console (3.7.0) lib/web_console/middleware.rb:20:in `catch'
web-console (3.7.0) lib/web_console/middleware.rb:20:in `call'
actionpack (5.2.1.1) lib/action_dispatch/middleware/show_exceptions.rb:33:in `call'
railties (5.2.1.1) lib/rails/rack/logger.rb:38:in `call_app'
railties (5.2.1.1) lib/rails/rack/logger.rb:26:in `block in call'
activesupport (5.2.1.1) lib/active_support/tagged_logging.rb:71:in `block in tagged'
activesupport (5.2.1.1) lib/active_support/tagged_logging.rb:28:in `tagged'
activesupport (5.2.1.1) lib/active_support/tagged_logging.rb:71:in `tagged'
railties (5.2.1.1) lib/rails/rack/logger.rb:26:in `call'
sprockets-rails (3.2.1) lib/sprockets/rails/quiet_assets.rb:13:in `call'
actionpack (5.2.1.1) lib/action_dispatch/middleware/remote_ip.rb:81:in `call'
actionpack (5.2.1.1) lib/action_dispatch/middleware/request_id.rb:27:in `call'
rack (2.0.6) lib/rack/method_override.rb:22:in `call'
rack (2.0.6) lib/rack/runtime.rb:22:in `call'
activesupport (5.2.1.1) lib/active_support/cache/strategy/local_cache_middleware.rb:29:in `call'
actionpack (5.2.1.1) lib/action_dispatch/middleware/executor.rb:14:in `call'
actionpack (5.2.1.1) lib/action_dispatch/middleware/static.rb:127:in `call'
rack (2.0.6) lib/rack/sendfile.rb:111:in `call'
railties (5.2.1.1) lib/rails/engine.rb:524:in `call'
puma (3.12.0) lib/puma/configuration.rb:225:in `call'
puma (3.12.0) lib/puma/server.rb:658:in `handle_request'
puma (3.12.0) lib/puma/server.rb:472:in `process_client'
puma (3.12.0) lib/puma/server.rb:332:in `block in run'
puma (3.12.0) lib/puma/thread_pool.rb:133:in `block in spawn_thread'
  [1m[35m (0.1ms)[0m  [1m[34mSELECT sqlite_version(*)[0m
  ↳ /home/daniele/.rvm/gems/ruby-2.5.3/bin/rake:23
  [1m[35m (16.2ms)[0m  [1m[35mCREATE TABLE "schema_migrations" ("version" varchar NOT NULL PRIMARY KEY)[0m
  ↳ /home/daniele/.rvm/gems/ruby-2.5.3/bin/rake:23
  [1m[35m (13.5ms)[0m  [1m[35mCREATE TABLE "ar_internal_metadata" ("key" varchar NOT NULL PRIMARY KEY, "value" varchar, "created_at" datetime NOT NULL, "updated_at" datetime NOT NULL)[0m
  ↳ /home/daniele/.rvm/gems/ruby-2.5.3/bin/rake:23
  [1m[35m (0.2ms)[0m  [1m[34mSELECT "schema_migrations"."version" FROM "schema_migrations" ORDER BY "schema_migrations"."version" ASC[0m
  ↳ /home/daniele/.rvm/gems/ruby-2.5.3/bin/rake:23
Migrating to CreateRides (20181128232510)
  [1m[35m (0.1ms)[0m  [1m[36mbegin transaction[0m
  ↳ /home/daniele/.rvm/gems/ruby-2.5.3/bin/rake:23
  [1m[35m (1.0ms)[0m  [1m[35mCREATE TABLE "rides" ("id" integer PRIMARY KEY AUTOINCREMENT NOT NULL, "owner_id" integer, "origin" varchar, "destination" varchar, "departure_at" datetime, "capacity" decimal, "price" decimal, "created_at" datetime NOT NULL, "updated_at" datetime NOT NULL, CONSTRAINT "fk_rails_caf32dc18b"
FOREIGN KEY ("owner_id")
  REFERENCES "owners" ("id")
)[0m
  ↳ db/migrate/20181128232510_create_rides.rb:3
  [1m[35m (0.2ms)[0m  [1m[35mCREATE  INDEX "index_rides_on_owner_id" ON "rides" ("owner_id")[0m
  ↳ db/migrate/20181128232510_create_rides.rb:3
  [1m[36mActiveRecord::SchemaMigration Create (0.3ms)[0m  [1m[32mINSERT INTO "schema_migrations" ("version") VALUES (?)[0m  [["version", "20181128232510"]]
  ↳ /home/daniele/.rvm/gems/ruby-2.5.3/bin/rake:23
  [1m[35m (18.7ms)[0m  [1m[36mcommit transaction[0m
  ↳ /home/daniele/.rvm/gems/ruby-2.5.3/bin/rake:23
  [1m[36mActiveRecord::InternalMetadata Load (0.5ms)[0m  [1m[34mSELECT  "ar_internal_metadata".* FROM "ar_internal_metadata" WHERE "ar_internal_metadata"."key" = ? LIMIT ?[0m  [["key", "environment"], ["LIMIT", 1]]
  ↳ /home/daniele/.rvm/gems/ruby-2.5.3/bin/rake:23
  [1m[35m (0.1ms)[0m  [1m[36mbegin transaction[0m
  ↳ /home/daniele/.rvm/gems/ruby-2.5.3/bin/rake:23
  [1m[36mActiveRecord::InternalMetadata Create (0.2ms)[0m  [1m[32mINSERT INTO "ar_internal_metadata" ("key", "value", "created_at", "updated_at") VALUES (?, ?, ?, ?)[0m  [["key", "environment"], ["value", "development"], ["created_at", "2018-11-28 23:29:29.714709"], ["updated_at", "2018-11-28 23:29:29.714709"]]
  ↳ /home/daniele/.rvm/gems/ruby-2.5.3/bin/rake:23
  [1m[35m (6.2ms)[0m  [1m[36mcommit transaction[0m
  ↳ /home/daniele/.rvm/gems/ruby-2.5.3/bin/rake:23
  [1m[35m (0.1ms)[0m  [1m[34mSELECT "schema_migrations"."version" FROM "schema_migrations" ORDER BY "schema_migrations"."version" ASC[0m
  ↳ /home/daniele/.rvm/gems/ruby-2.5.3/bin/rake:23
Started GET "/" for 127.0.0.1 at 2018-11-28 21:29:42 -0200
  [1m[35m (0.1ms)[0m  [1m[34mSELECT "schema_migrations"."version" FROM "schema_migrations" ORDER BY "schema_migrations"."version" ASC[0m
  ↳ /home/daniele/.rvm/gems/ruby-2.5.3/gems/activerecord-5.2.1.1/lib/active_record/log_subscriber.rb:98
Processing by RidesController#index as HTML
  Rendering rides/index.html.erb within layouts/application
  [1m[36mRide Load (0.2ms)[0m  [1m[34mSELECT "rides".* FROM "rides"[0m
  ↳ app/views/rides/index.html.erb:19
  Rendered rides/index.html.erb within layouts/application (3.1ms)
Completed 200 OK in 718ms (Views: 493.8ms | ActiveRecord: 0.5ms)


Started GET "/rides/new" for 127.0.0.1 at 2018-11-28 21:31:32 -0200
Processing by RidesController#new as HTML
  Rendering rides/new.html.erb within layouts/application
  Rendered rides/_form.html.erb (131.5ms)
  Rendered rides/new.html.erb within layouts/application (133.1ms)
Completed 200 OK in 174ms (Views: 152.7ms | ActiveRecord: 1.7ms)


Started POST "/rides" for 127.0.0.1 at 2018-11-28 21:32:35 -0200
Processing by RidesController#create as HTML
  Parameters: {"utf8"=>"✓", "authenticity_token"=>"vu5To8NrREramJtfpDNEsjRRf+d1qKqE/YMzX2NvA/u002P7QAE55lEU+/GN3Avurg5whTfrpDoGuxXTpXsf1w==", "ride"=>{"owner_id"=>"1", "origin"=>"Paris", "destination"=>"Saint-Malo", "departure_at(1i)"=>"2019", "departure_at(2i)"=>"7", "departure_at(3i)"=>"26", "departure_at(4i)"=>"15", "departure_at(5i)"=>"31", "capacity"=>"3", "price"=>"20"}, "commit"=>"Create Ride"}
  [1m[35m (0.1ms)[0m  [1m[36mbegin transaction[0m
  ↳ app/controllers/rides_controller.rb:30
  [1m[35m (0.1ms)[0m  [1m[31mrollback transaction[0m
  ↳ app/controllers/rides_controller.rb:30
Completed 500 Internal Server Error in 31ms (ActiveRecord: 0.2ms)


  
NameError (uninitialized constant Ride::Owner):
  
app/controllers/rides_controller.rb:30:in `block in create'
app/controllers/rides_controller.rb:29:in `create'
  [1m[35m (0.1ms)[0m  [1m[34mSELECT "schema_migrations"."version" FROM "schema_migrations" ORDER BY "schema_migrations"."version" ASC[0m
  ↳ /home/daniele/.rvm/gems/ruby-2.5.3/bin/rake:23
  [1m[35m (0.1ms)[0m  [1m[34mSELECT "schema_migrations"."version" FROM "schema_migrations" ORDER BY "schema_migrations"."version" ASC[0m
  ↳ /home/daniele/.rvm/gems/ruby-2.5.3/bin/rake:23
  [1m[35m (0.1ms)[0m  [1m[34mSELECT "schema_migrations"."version" FROM "schema_migrations" ORDER BY "schema_migrations"."version" ASC[0m
  ↳ /home/daniele/.rvm/gems/ruby-2.5.3/bin/rake:23
  [1m[35m (0.1ms)[0m  [1m[34mSELECT "schema_migrations"."version" FROM "schema_migrations" ORDER BY "schema_migrations"."version" ASC[0m
  ↳ /home/daniele/.rvm/gems/ruby-2.5.3/bin/rake:23
Migrating to CreateRides (20181128232510)
  [1m[35m (0.1ms)[0m  [1m[36mbegin transaction[0m
  ↳ /home/daniele/.rvm/gems/ruby-2.5.3/bin/rake:23
  [1m[35m (0.4ms)[0m  [1m[35mDROP TABLE "rides"[0m
  ↳ /home/daniele/.rvm/gems/ruby-2.5.3/bin/rake:23
  [1m[36mActiveRecord::SchemaMigration Destroy (0.3ms)[0m  [1m[31mDELETE FROM "schema_migrations" WHERE "schema_migrations"."version" = ?[0m  [["version", "20181128232510"]]
  ↳ /home/daniele/.rvm/gems/ruby-2.5.3/bin/rake:23
  [1m[35m (25.5ms)[0m  [1m[36mcommit transaction[0m
  ↳ /home/daniele/.rvm/gems/ruby-2.5.3/bin/rake:23
  [1m[35m (0.1ms)[0m  [1m[34mSELECT "schema_migrations"."version" FROM "schema_migrations" ORDER BY "schema_migrations"."version" ASC[0m
  ↳ /home/daniele/.rvm/gems/ruby-2.5.3/bin/rake:23
  [1m[35m (0.1ms)[0m  [1m[34mSELECT "schema_migrations"."version" FROM "schema_migrations" ORDER BY "schema_migrations"."version" ASC[0m
  ↳ /home/daniele/.rvm/gems/ruby-2.5.3/bin/rake:23
Migrating to CreateRides (20181128232510)
  [1m[35m (0.2ms)[0m  [1m[36mbegin transaction[0m
  ↳ /home/daniele/.rvm/gems/ruby-2.5.3/bin/rake:23
  [1m[35m (0.1ms)[0m  [1m[34mSELECT sqlite_version(*)[0m
  ↳ db/migrate/20181128232510_create_rides.rb:3
  [1m[35m (0.4ms)[0m  [1m[35mCREATE TABLE "rides" ("id" integer PRIMARY KEY AUTOINCREMENT NOT NULL, "owner_id" integer, "origin" varchar, "destination" varchar, "departure_at" datetime, "capacity" integer, "price" decimal, "created_at" datetime NOT NULL, "updated_at" datetime NOT NULL, CONSTRAINT "fk_rails_caf32dc18b"
FOREIGN KEY ("owner_id")
  REFERENCES "owners" ("id")
)[0m
  ↳ db/migrate/20181128232510_create_rides.rb:3
  [1m[35m (0.1ms)[0m  [1m[35mCREATE  INDEX "index_rides_on_owner_id" ON "rides" ("owner_id")[0m
  ↳ db/migrate/20181128232510_create_rides.rb:3
  [1m[36mActiveRecord::SchemaMigration Create (0.3ms)[0m  [1m[32mINSERT INTO "schema_migrations" ("version") VALUES (?)[0m  [["version", "20181128232510"]]
  ↳ /home/daniele/.rvm/gems/ruby-2.5.3/bin/rake:23
  [1m[35m (115.9ms)[0m  [1m[36mcommit transaction[0m
  ↳ /home/daniele/.rvm/gems/ruby-2.5.3/bin/rake:23
  [1m[36mActiveRecord::InternalMetadata Load (0.8ms)[0m  [1m[34mSELECT  "ar_internal_metadata".* FROM "ar_internal_metadata" WHERE "ar_internal_metadata"."key" = ? LIMIT ?[0m  [["key", "environment"], ["LIMIT", 1]]
  ↳ /home/daniele/.rvm/gems/ruby-2.5.3/bin/rake:23
  [1m[35m (0.1ms)[0m  [1m[36mbegin transaction[0m
  ↳ /home/daniele/.rvm/gems/ruby-2.5.3/bin/rake:23
  [1m[35m (0.1ms)[0m  [1m[36mcommit transaction[0m
  ↳ /home/daniele/.rvm/gems/ruby-2.5.3/bin/rake:23
  [1m[35m (0.1ms)[0m  [1m[34mSELECT "schema_migrations"."version" FROM "schema_migrations" ORDER BY "schema_migrations"."version" ASC[0m
  ↳ /home/daniele/.rvm/gems/ruby-2.5.3/bin/rake:23
  [1m[35m (0.1ms)[0m  [1m[34mSELECT "schema_migrations"."version" FROM "schema_migrations" ORDER BY "schema_migrations"."version" ASC[0m
  ↳ /home/daniele/.rvm/gems/ruby-2.5.3/bin/annotate:23
  [1m[35m (0.2ms)[0m  [1m[34mSELECT "schema_migrations"."version" FROM "schema_migrations" ORDER BY "schema_migrations"."version" ASC[0m
  ↳ /home/daniele/.rvm/gems/ruby-2.5.3/bin/rake:23
Migrating to DeviseCreateUsers (20181128234934)
  [1m[35m (0.2ms)[0m  [1m[36mbegin transaction[0m
  ↳ /home/daniele/.rvm/gems/ruby-2.5.3/bin/rake:23
  [1m[35m (0.1ms)[0m  [1m[34mSELECT sqlite_version(*)[0m
  ↳ db/migrate/20181128234934_devise_create_users.rb:5
  [1m[35m (0.7ms)[0m  [1m[35mCREATE TABLE "users" ("id" integer PRIMARY KEY AUTOINCREMENT NOT NULL, "first_name" varchar, "last_name" varchar, "phone_number" varchar, "avatar" varchar, "email" varchar DEFAULT '' NOT NULL, "encrypted_password" varchar DEFAULT '' NOT NULL, "reset_password_token" varchar, "reset_password_sent_at" datetime, "remember_created_at" datetime, "created_at" datetime NOT NULL, "updated_at" datetime NOT NULL)[0m
  ↳ db/migrate/20181128234934_devise_create_users.rb:5
  [1m[35m (0.1ms)[0m  [1m[35mCREATE UNIQUE INDEX "index_users_on_email" ON "users" ("email")[0m
  ↳ db/migrate/20181128234934_devise_create_users.rb:43
  [1m[35m (0.2ms)[0m  [1m[35mCREATE UNIQUE INDEX "index_users_on_reset_password_token" ON "users" ("reset_password_token")[0m
  ↳ db/migrate/20181128234934_devise_create_users.rb:44
  [1m[36mActiveRecord::SchemaMigration Create (0.2ms)[0m  [1m[32mINSERT INTO "schema_migrations" ("version") VALUES (?)[0m  [["version", "20181128234934"]]
  ↳ /home/daniele/.rvm/gems/ruby-2.5.3/bin/rake:23
  [1m[35m (14.4ms)[0m  [1m[36mcommit transaction[0m
  ↳ /home/daniele/.rvm/gems/ruby-2.5.3/bin/rake:23
  [1m[36mActiveRecord::InternalMetadata Load (0.2ms)[0m  [1m[34mSELECT  "ar_internal_metadata".* FROM "ar_internal_metadata" WHERE "ar_internal_metadata"."key" = ? LIMIT ?[0m  [["key", "environment"], ["LIMIT", 1]]
  ↳ /home/daniele/.rvm/gems/ruby-2.5.3/bin/rake:23
  [1m[35m (0.1ms)[0m  [1m[36mbegin transaction[0m
  ↳ /home/daniele/.rvm/gems/ruby-2.5.3/bin/rake:23
  [1m[35m (0.1ms)[0m  [1m[36mcommit transaction[0m
  ↳ /home/daniele/.rvm/gems/ruby-2.5.3/bin/rake:23
  [1m[35m (0.2ms)[0m  [1m[34mSELECT "schema_migrations"."version" FROM "schema_migrations" ORDER BY "schema_migrations"."version" ASC[0m
  ↳ /home/daniele/.rvm/gems/ruby-2.5.3/bin/rake:23
  [1m[35m (0.2ms)[0m  [1m[34mSELECT "schema_migrations"."version" FROM "schema_migrations" ORDER BY "schema_migrations"."version" ASC[0m
  ↳ /home/daniele/.rvm/gems/ruby-2.5.3/bin/annotate:23
Started GET "/rides" for 127.0.0.1 at 2018-11-28 21:54:10 -0200
  [1m[35m (0.1ms)[0m  [1m[34mSELECT "schema_migrations"."version" FROM "schema_migrations" ORDER BY "schema_migrations"."version" ASC[0m
  ↳ /home/daniele/.rvm/gems/ruby-2.5.3/gems/activerecord-5.2.1.1/lib/active_record/log_subscriber.rb:98
Processing by RidesController#index as HTML
Completed 401 Unauthorized in 220ms (ActiveRecord: 0.0ms)


Started GET "/users/sign_in" for 127.0.0.1 at 2018-11-28 21:54:11 -0200
Processing by Devise::SessionsController#new as HTML
  Rendering /home/daniele/.rvm/gems/ruby-2.5.3/gems/devise-4.5.0/app/views/devise/sessions/new.html.erb within layouts/application
  Rendered /home/daniele/.rvm/gems/ruby-2.5.3/gems/devise-4.5.0/app/views/devise/shared/_links.html.erb (1.5ms)
  Rendered /home/daniele/.rvm/gems/ruby-2.5.3/gems/devise-4.5.0/app/views/devise/sessions/new.html.erb within layouts/application (38.0ms)
Completed 200 OK in 431ms (Views: 410.3ms | ActiveRecord: 1.1ms)


Started GET "/users/sign_up" for 127.0.0.1 at 2018-11-28 21:54:19 -0200
Processing by Devise::RegistrationsController#new as HTML
  Rendering /home/daniele/.rvm/gems/ruby-2.5.3/gems/devise-4.5.0/app/views/devise/registrations/new.html.erb within layouts/application
  Rendered /home/daniele/.rvm/gems/ruby-2.5.3/gems/devise-4.5.0/app/views/devise/shared/_links.html.erb (1.4ms)
  Rendered /home/daniele/.rvm/gems/ruby-2.5.3/gems/devise-4.5.0/app/views/devise/registrations/new.html.erb within layouts/application (5.4ms)
Completed 200 OK in 37ms (Views: 35.1ms | ActiveRecord: 0.0ms)


Started POST "/users" for 127.0.0.1 at 2018-11-28 21:55:03 -0200
Processing by Devise::RegistrationsController#create as HTML
  Parameters: {"utf8"=>"✓", "authenticity_token"=>"pcurQT3BIku/mFoMln5j+c/l/azDiB6kE4ZEifdo8Liq+7TUDCdawci3SpbBCvXPs4bAeL2k2uPTYwGPocYiTA==", "user"=>{"email"=>"meuemail@mail.com", "password"=>"[FILTERED]", "password_confirmation"=>"[FILTERED]"}, "commit"=>"Sign up"}
  [1m[35m (0.2ms)[0m  [1m[36mbegin transaction[0m
  ↳ /home/daniele/.rvm/gems/ruby-2.5.3/gems/activerecord-5.2.1.1/lib/active_record/log_subscriber.rb:98
  [1m[36mUser Exists (0.2ms)[0m  [1m[34mSELECT  1 AS one FROM "users" WHERE "users"."email" = ? LIMIT ?[0m  [["email", "meuemail@mail.com"], ["LIMIT", 1]]
  ↳ /home/daniele/.rvm/gems/ruby-2.5.3/gems/activerecord-5.2.1.1/lib/active_record/log_subscriber.rb:98
  [1m[36mUser Create (0.2ms)[0m  [1m[32mINSERT INTO "users" ("email", "encrypted_password", "created_at", "updated_at") VALUES (?, ?, ?, ?)[0m  [["email", "meuemail@mail.com"], ["encrypted_password", "$2a$11$yAajus8V9P6QIY1xDEvUGeSH7SL8LNpHnmK5NR5MtpSnrO8S8CUGy"], ["created_at", "2018-11-28 23:55:03.450913"], ["updated_at", "2018-11-28 23:55:03.450913"]]
  ↳ /home/daniele/.rvm/gems/ruby-2.5.3/gems/activerecord-5.2.1.1/lib/active_record/log_subscriber.rb:98
  [1m[35m (15.2ms)[0m  [1m[36mcommit transaction[0m
  ↳ /home/daniele/.rvm/gems/ruby-2.5.3/gems/activerecord-5.2.1.1/lib/active_record/log_subscriber.rb:98
Redirected to http://localhost:3000/rides
Completed 302 Found in 203ms (ActiveRecord: 15.8ms)


Started GET "/rides" for 127.0.0.1 at 2018-11-28 21:55:03 -0200
Processing by RidesController#index as HTML
  [1m[36mUser Load (0.2ms)[0m  [1m[34mSELECT  "users".* FROM "users" WHERE "users"."id" = ? ORDER BY "users"."id" ASC LIMIT ?[0m  [["id", 1], ["LIMIT", 1]]
  ↳ /home/daniele/.rvm/gems/ruby-2.5.3/gems/activerecord-5.2.1.1/lib/active_record/log_subscriber.rb:98
  Rendering rides/index.html.erb within layouts/application
  [1m[36mRide Load (0.2ms)[0m  [1m[34mSELECT "rides".* FROM "rides"[0m
  ↳ app/views/rides/index.html.erb:19
  Rendered rides/index.html.erb within layouts/application (2.6ms)
Completed 200 OK in 37ms (Views: 25.3ms | ActiveRecord: 0.6ms)


Started GET "/rides/new" for 127.0.0.1 at 2018-11-28 21:56:02 -0200
Processing by RidesController#new as HTML
  [1m[36mUser Load (0.3ms)[0m  [1m[34mSELECT  "users".* FROM "users" WHERE "users"."id" = ? ORDER BY "users"."id" ASC LIMIT ?[0m  [["id", 1], ["LIMIT", 1]]
  ↳ /home/daniele/.rvm/gems/ruby-2.5.3/gems/activerecord-5.2.1.1/lib/active_record/log_subscriber.rb:98
  Rendering rides/new.html.erb within layouts/application
  Rendered rides/_form.html.erb (18.3ms)
  Rendered rides/new.html.erb within layouts/application (19.7ms)
Completed 200 OK in 62ms (Views: 42.9ms | ActiveRecord: 0.7ms)


Started GET "/rides/new" for 127.0.0.1 at 2018-11-28 21:59:03 -0200
Processing by RidesController#new as HTML
  [1m[36mUser Load (0.2ms)[0m  [1m[34mSELECT  "users".* FROM "users" WHERE "users"."id" = ? ORDER BY "users"."id" ASC LIMIT ?[0m  [["id", 1], ["LIMIT", 1]]
  ↳ /home/daniele/.rvm/gems/ruby-2.5.3/gems/activerecord-5.2.1.1/lib/active_record/log_subscriber.rb:98
  Rendering rides/new.html.erb within layouts/application
  Rendered rides/_form.html.erb (6.1ms)
  Rendered rides/new.html.erb within layouts/application (7.5ms)
Completed 200 OK in 144ms (Views: 29.2ms | ActiveRecord: 1.7ms)


Started POST "/rides" for 127.0.0.1 at 2018-11-28 21:59:46 -0200
Processing by RidesController#create as HTML
  Parameters: {"utf8"=>"✓", "authenticity_token"=>"wJMKcb+uGbPm302BTymcb/go0VSansiYcOkT6cxZCRYOmWI+oiAfcU+xTtHoT8oBChXYIMn7ZpZF/rNCG1T5zQ==", "ride"=>{"origin"=>"Paris", "destination"=>"Saint-Malo", "departure_at(1i)"=>"2019", "departure_at(2i)"=>"7", "departure_at(3i)"=>"26", "departure_at(4i)"=>"16", "departure_at(5i)"=>"59", "capacity"=>"3", "price"=>"20"}, "commit"=>"Create Ride"}
  [1m[36mUser Load (0.3ms)[0m  [1m[34mSELECT  "users".* FROM "users" WHERE "users"."id" = ? ORDER BY "users"."id" ASC LIMIT ?[0m  [["id", 1], ["LIMIT", 1]]
  ↳ /home/daniele/.rvm/gems/ruby-2.5.3/gems/activerecord-5.2.1.1/lib/active_record/log_subscriber.rb:98
  [1m[35m (0.0ms)[0m  [1m[36mbegin transaction[0m
  ↳ app/controllers/rides_controller.rb:30
  [1m[36mUser Load (0.4ms)[0m  [1m[34mSELECT  "users".* FROM "users" WHERE "users"."id" = ? LIMIT ?[0m  [["id", 1], ["LIMIT", 1]]
  ↳ app/controllers/rides_controller.rb:30
  [1m[36mRide Create (0.7ms)[0m  [1m[32mINSERT INTO "rides" ("owner_id", "origin", "destination", "departure_at", "capacity", "price", "created_at", "updated_at") VALUES (?, ?, ?, ?, ?, ?, ?, ?)[0m  [["owner_id", 1], ["origin", "Paris"], ["destination", "Saint-Malo"], ["departure_at", "2019-07-26 16:59:00"], ["capacity", 3], ["price", 20.0], ["created_at", "2018-11-28 23:59:46.582425"], ["updated_at", "2018-11-28 23:59:46.582425"]]
  ↳ app/controllers/rides_controller.rb:30
  [1m[35m (0.1ms)[0m  [1m[31mrollback transaction[0m
  ↳ app/controllers/rides_controller.rb:30
Completed 500 Internal Server Error in 20ms (ActiveRecord: 1.5ms)


  
ActiveRecord::StatementInvalid (SQLite3::SQLException: no such table: main.owners: INSERT INTO "rides" ("owner_id", "origin", "destination", "departure_at", "capacity", "price", "created_at", "updated_at") VALUES (?, ?, ?, ?, ?, ?, ?, ?)):
  
app/controllers/rides_controller.rb:30:in `block in create'
app/controllers/rides_controller.rb:29:in `create'
Started PUT "/__web_console/repl_sessions/1bd7a204bfff614cea2a13ef3997339a" for 127.0.0.1 at 2018-11-28 22:00:16 -0200
Started PUT "/__web_console/repl_sessions/1bd7a204bfff614cea2a13ef3997339a" for 127.0.0.1 at 2018-11-28 22:00:17 -0200
Started PUT "/__web_console/repl_sessions/1bd7a204bfff614cea2a13ef3997339a" for 127.0.0.1 at 2018-11-28 22:00:29 -0200
Started PUT "/__web_console/repl_sessions/1bd7a204bfff614cea2a13ef3997339a" for 127.0.0.1 at 2018-11-28 22:00:30 -0200
  [1m[35m (3.2ms)[0m  [1m[35mDROP DATABASE IF EXISTS "covoitsite_development"[0m
  ↳ /home/daniele/.rvm/gems/ruby-2.5.3/bin/rake:23
  [1m[35m (0.3ms)[0m  [1m[35mDROP DATABASE IF EXISTS "covoitsite_test"[0m
  ↳ /home/daniele/.rvm/gems/ruby-2.5.3/bin/rake:23
  [1m[35m (4768.2ms)[0m  [1m[35mCREATE DATABASE "covoitsite_development" ENCODING = 'utf8'[0m
  ↳ /home/daniele/.rvm/gems/ruby-2.5.3/bin/rake:23
  [1m[35m (1516.5ms)[0m  [1m[35mCREATE DATABASE "covoitsite_test" ENCODING = 'utf8'[0m
  ↳ /home/daniele/.rvm/gems/ruby-2.5.3/bin/rake:23
  [1m[35m (0.2ms)[0m  [1m[35mDROP TABLE IF EXISTS "rides" CASCADE[0m
  ↳ db/schema.rb:15
  [1m[35m (533.8ms)[0m  [1m[35mCREATE TABLE "rides" ("id" bigserial primary key, "owner_id" integer, "origin" character varying, "destination" character varying, "departure_at" timestamp, "capacity" integer, "price" decimal, "created_at" timestamp NOT NULL, "updated_at" timestamp NOT NULL)[0m
  ↳ db/schema.rb:15
  [1m[35m (11.4ms)[0m  [1m[35mCREATE  INDEX  "index_rides_on_owner_id" ON "rides"  ("owner_id")[0m
  ↳ db/schema.rb:15
  [1m[35m (0.5ms)[0m  [1m[35mDROP TABLE IF EXISTS "users" CASCADE[0m
  ↳ db/schema.rb:27
  [1m[35m (122.6ms)[0m  [1m[35mCREATE TABLE "users" ("id" bigserial primary key, "first_name" character varying, "last_name" character varying, "phone_number" character varying, "avatar" character varying, "email" character varying DEFAULT '' NOT NULL, "encrypted_password" character varying DEFAULT '' NOT NULL, "reset_password_token" character varying, "reset_password_sent_at" timestamp, "remember_created_at" timestamp, "created_at" timestamp NOT NULL, "updated_at" timestamp NOT NULL)[0m
  ↳ db/schema.rb:27
  [1m[35m (349.0ms)[0m  [1m[35mCREATE UNIQUE INDEX  "index_users_on_email" ON "users"  ("email")[0m
  ↳ db/schema.rb:27
  [1m[35m (17.0ms)[0m  [1m[35mCREATE UNIQUE INDEX  "index_users_on_reset_password_token" ON "users"  ("reset_password_token")[0m
  ↳ db/schema.rb:27
  [1m[35m (14.1ms)[0m  [1m[35mCREATE TABLE "schema_migrations" ("version" character varying NOT NULL PRIMARY KEY)[0m
  ↳ db/schema.rb:13
  [1m[35m (0.8ms)[0m  [1m[34mSELECT "schema_migrations"."version" FROM "schema_migrations" ORDER BY "schema_migrations"."version" ASC[0m
  ↳ db/schema.rb:13
  [1m[35m (233.8ms)[0m  [1m[32mINSERT INTO "schema_migrations" (version) VALUES (20181128234934)[0m
  ↳ db/schema.rb:13
  [1m[35m (3.0ms)[0m  [1m[32mINSERT INTO "schema_migrations" (version) VALUES
(20181128232510);

[0m
  ↳ db/schema.rb:13
  [1m[35m (183.2ms)[0m  [1m[35mCREATE TABLE "ar_internal_metadata" ("key" character varying NOT NULL PRIMARY KEY, "value" character varying, "created_at" timestamp NOT NULL, "updated_at" timestamp NOT NULL)[0m
  ↳ db/schema.rb:13
  [1m[36mActiveRecord::InternalMetadata Load (0.8ms)[0m  [1m[34mSELECT  "ar_internal_metadata".* FROM "ar_internal_metadata" WHERE "ar_internal_metadata"."key" = $1 LIMIT $2[0m  [["key", "environment"], ["LIMIT", 1]]
  ↳ db/schema.rb:13
  [1m[35m (0.7ms)[0m  [1m[35mBEGIN[0m
  ↳ db/schema.rb:13
  [1m[36mActiveRecord::InternalMetadata Create (4.2ms)[0m  [1m[32mINSERT INTO "ar_internal_metadata" ("key", "value", "created_at", "updated_at") VALUES ($1, $2, $3, $4) RETURNING "key"[0m  [["key", "environment"], ["value", "development"], ["created_at", "2018-11-29 00:04:58.172496"], ["updated_at", "2018-11-29 00:04:58.172496"]]
  ↳ db/schema.rb:13
  [1m[35m (22.5ms)[0m  [1m[35mCOMMIT[0m
  ↳ db/schema.rb:13
  [1m[36mActiveRecord::InternalMetadata Load (1.0ms)[0m  [1m[34mSELECT  "ar_internal_metadata".* FROM "ar_internal_metadata" WHERE "ar_internal_metadata"."key" = $1 LIMIT $2[0m  [["key", "environment"], ["LIMIT", 1]]
  ↳ /home/daniele/.rvm/gems/ruby-2.5.3/bin/rake:23
  [1m[35m (0.3ms)[0m  [1m[35mBEGIN[0m
  ↳ /home/daniele/.rvm/gems/ruby-2.5.3/bin/rake:23
  [1m[35m (0.2ms)[0m  [1m[35mCOMMIT[0m
  ↳ /home/daniele/.rvm/gems/ruby-2.5.3/bin/rake:23
  [1m[35m (0.3ms)[0m  [1m[35mDROP TABLE IF EXISTS "rides" CASCADE[0m
  ↳ db/schema.rb:15
  [1m[35m (158.8ms)[0m  [1m[35mCREATE TABLE "rides" ("id" bigserial primary key, "owner_id" integer, "origin" character varying, "destination" character varying, "departure_at" timestamp, "capacity" integer, "price" decimal, "created_at" timestamp NOT NULL, "updated_at" timestamp NOT NULL)[0m
  ↳ db/schema.rb:15
  [1m[35m (12.5ms)[0m  [1m[35mCREATE  INDEX  "index_rides_on_owner_id" ON "rides"  ("owner_id")[0m
  ↳ db/schema.rb:15
  [1m[35m (0.2ms)[0m  [1m[35mDROP TABLE IF EXISTS "users" CASCADE[0m
  ↳ db/schema.rb:27
  [1m[35m (17.0ms)[0m  [1m[35mCREATE TABLE "users" ("id" bigserial primary key, "first_name" character varying, "last_name" character varying, "phone_number" character varying, "avatar" character varying, "email" character varying DEFAULT '' NOT NULL, "encrypted_password" character varying DEFAULT '' NOT NULL, "reset_password_token" character varying, "reset_password_sent_at" timestamp, "remember_created_at" timestamp, "created_at" timestamp NOT NULL, "updated_at" timestamp NOT NULL)[0m
  ↳ db/schema.rb:27
  [1m[35m (6.4ms)[0m  [1m[35mCREATE UNIQUE INDEX  "index_users_on_email" ON "users"  ("email")[0m
  ↳ db/schema.rb:27
  [1m[35m (8.0ms)[0m  [1m[35mCREATE UNIQUE INDEX  "index_users_on_reset_password_token" ON "users"  ("reset_password_token")[0m
  ↳ db/schema.rb:27
  [1m[35m (15.3ms)[0m  [1m[35mCREATE TABLE "schema_migrations" ("version" character varying NOT NULL PRIMARY KEY)[0m
  ↳ db/schema.rb:13
  [1m[35m (0.6ms)[0m  [1m[34mSELECT "schema_migrations"."version" FROM "schema_migrations" ORDER BY "schema_migrations"."version" ASC[0m
  ↳ db/schema.rb:13
  [1m[35m (2.6ms)[0m  [1m[32mINSERT INTO "schema_migrations" (version) VALUES (20181128234934)[0m
  ↳ db/schema.rb:13
  [1m[35m (2.9ms)[0m  [1m[32mINSERT INTO "schema_migrations" (version) VALUES
(20181128232510);

[0m
  ↳ db/schema.rb:13
  [1m[35m (216.5ms)[0m  [1m[35mCREATE TABLE "ar_internal_metadata" ("key" character varying NOT NULL PRIMARY KEY, "value" character varying, "created_at" timestamp NOT NULL, "updated_at" timestamp NOT NULL)[0m
  ↳ db/schema.rb:13
  [1m[36mActiveRecord::InternalMetadata Load (0.7ms)[0m  [1m[34mSELECT  "ar_internal_metadata".* FROM "ar_internal_metadata" WHERE "ar_internal_metadata"."key" = $1 LIMIT $2[0m  [["key", "environment"], ["LIMIT", 1]]
  ↳ db/schema.rb:13
  [1m[35m (0.3ms)[0m  [1m[35mBEGIN[0m
  ↳ db/schema.rb:13
  [1m[36mActiveRecord::InternalMetadata Create (0.7ms)[0m  [1m[32mINSERT INTO "ar_internal_metadata" ("key", "value", "created_at", "updated_at") VALUES ($1, $2, $3, $4) RETURNING "key"[0m  [["key", "environment"], ["value", "development"], ["created_at", "2018-11-29 00:04:58.700306"], ["updated_at", "2018-11-29 00:04:58.700306"]]
  ↳ db/schema.rb:13
  [1m[35m (2.4ms)[0m  [1m[35mCOMMIT[0m
  ↳ db/schema.rb:13
  [1m[36mActiveRecord::InternalMetadata Load (0.9ms)[0m  [1m[34mSELECT  "ar_internal_metadata".* FROM "ar_internal_metadata" WHERE "ar_internal_metadata"."key" = $1 LIMIT $2[0m  [["key", "environment"], ["LIMIT", 1]]
  ↳ /home/daniele/.rvm/gems/ruby-2.5.3/bin/rake:23
  [1m[35m (0.4ms)[0m  [1m[35mBEGIN[0m
  ↳ /home/daniele/.rvm/gems/ruby-2.5.3/bin/rake:23
  [1m[36mActiveRecord::InternalMetadata Update (0.6ms)[0m  [1m[33mUPDATE "ar_internal_metadata" SET "value" = $1, "updated_at" = $2 WHERE "ar_internal_metadata"."key" = $3[0m  [["value", "test"], ["updated_at", "2018-11-29 00:04:58.712378"], ["key", "environment"]]
  ↳ /home/daniele/.rvm/gems/ruby-2.5.3/bin/rake:23
  [1m[35m (2.0ms)[0m  [1m[35mCOMMIT[0m
  ↳ /home/daniele/.rvm/gems/ruby-2.5.3/bin/rake:23
  [1m[35m (0.6ms)[0m  [1m[34mSELECT "schema_migrations"."version" FROM "schema_migrations" ORDER BY "schema_migrations"."version" ASC[0m
  ↳ /home/daniele/.rvm/gems/ruby-2.5.3/bin/rake:23
  [1m[35m (0.5ms)[0m  [1m[34mSELECT "schema_migrations"."version" FROM "schema_migrations" ORDER BY "schema_migrations"."version" ASC[0m
  ↳ /home/daniele/.rvm/gems/ruby-2.5.3/bin/rake:23
  [1m[35m (0.3ms)[0m  [1m[34mSELECT "ar_internal_metadata"."value" FROM "ar_internal_metadata" WHERE "ar_internal_metadata"."key" = $1[0m  [["key", "environment"]]
  ↳ /home/daniele/.rvm/gems/ruby-2.5.3/bin/rake:23
  [1m[35m (0.2ms)[0m  [1m[34mSELECT "schema_migrations"."version" FROM "schema_migrations" ORDER BY "schema_migrations"."version" ASC[0m
  ↳ /home/daniele/.rvm/gems/ruby-2.5.3/bin/rake:23
  [1m[35m (0.2ms)[0m  [1m[34mSELECT "ar_internal_metadata"."value" FROM "ar_internal_metadata" WHERE "ar_internal_metadata"."key" = $1[0m  [["key", "environment"]]
  ↳ /home/daniele/.rvm/gems/ruby-2.5.3/bin/rake:23
  [1m[35m (0.3ms)[0m  [1m[34mSELECT "schema_migrations"."version" FROM "schema_migrations" ORDER BY "schema_migrations"."version" ASC[0m
  ↳ /home/daniele/.rvm/gems/ruby-2.5.3/bin/rake:23
  [1m[35m (0.2ms)[0m  [1m[34mSELECT "ar_internal_metadata"."value" FROM "ar_internal_metadata" WHERE "ar_internal_metadata"."key" = $1[0m  [["key", "environment"]]
  ↳ /home/daniele/.rvm/gems/ruby-2.5.3/bin/rake:23
  [1m[35m (1544.4ms)[0m  [1m[35mDROP DATABASE IF EXISTS "covoitsite_development"[0m
  ↳ /home/daniele/.rvm/gems/ruby-2.5.3/bin/rake:23
  [1m[35m (213.2ms)[0m  [1m[35mDROP DATABASE IF EXISTS "covoitsite_test"[0m
  ↳ /home/daniele/.rvm/gems/ruby-2.5.3/bin/rake:23
  [1m[35m (759.3ms)[0m  [1m[35mCREATE DATABASE "covoitsite_development" ENCODING = 'utf8'[0m
  ↳ /home/daniele/.rvm/gems/ruby-2.5.3/bin/rake:23
  [1m[35m (1175.6ms)[0m  [1m[35mCREATE DATABASE "covoitsite_test" ENCODING = 'utf8'[0m
  ↳ /home/daniele/.rvm/gems/ruby-2.5.3/bin/rake:23
  [1m[35m (0.8ms)[0m  [1m[35mDROP TABLE IF EXISTS "rides" CASCADE[0m
  ↳ db/schema.rb:15
  [1m[35m (46.4ms)[0m  [1m[35mCREATE TABLE "rides" ("id" bigserial primary key, "owner_id" integer, "origin" character varying, "destination" character varying, "departure_at" timestamp, "capacity" integer, "price" decimal, "created_at" timestamp NOT NULL, "updated_at" timestamp NOT NULL)[0m
  ↳ db/schema.rb:15
  [1m[35m (24.7ms)[0m  [1m[35mCREATE  INDEX  "index_rides_on_owner_id" ON "rides"  ("owner_id")[0m
  ↳ db/schema.rb:15
  [1m[35m (0.3ms)[0m  [1m[35mDROP TABLE IF EXISTS "users" CASCADE[0m
  ↳ db/schema.rb:27
  [1m[35m (27.5ms)[0m  [1m[35mCREATE TABLE "users" ("id" bigserial primary key, "first_name" character varying, "last_name" character varying, "phone_number" character varying, "avatar" character varying, "email" character varying DEFAULT '' NOT NULL, "encrypted_password" character varying DEFAULT '' NOT NULL, "reset_password_token" character varying, "reset_password_sent_at" timestamp, "remember_created_at" timestamp, "created_at" timestamp NOT NULL, "updated_at" timestamp NOT NULL)[0m
  ↳ db/schema.rb:27
  [1m[35m (46.4ms)[0m  [1m[35mCREATE UNIQUE INDEX  "index_users_on_email" ON "users"  ("email")[0m
  ↳ db/schema.rb:27
  [1m[35m (5.0ms)[0m  [1m[35mCREATE UNIQUE INDEX  "index_users_on_reset_password_token" ON "users"  ("reset_password_token")[0m
  ↳ db/schema.rb:27
  [1m[35m (16.8ms)[0m  [1m[35mCREATE TABLE "schema_migrations" ("version" character varying NOT NULL PRIMARY KEY)[0m
  ↳ db/schema.rb:13
  [1m[35m (1.0ms)[0m  [1m[34mSELECT "schema_migrations"."version" FROM "schema_migrations" ORDER BY "schema_migrations"."version" ASC[0m
  ↳ db/schema.rb:13
  [1m[35m (6.2ms)[0m  [1m[32mINSERT INTO "schema_migrations" (version) VALUES (20181128234934)[0m
  ↳ db/schema.rb:13
  [1m[35m (72.0ms)[0m  [1m[32mINSERT INTO "schema_migrations" (version) VALUES
(20181128232510);

[0m
  ↳ db/schema.rb:13
  [1m[35m (323.4ms)[0m  [1m[35mCREATE TABLE "ar_internal_metadata" ("key" character varying NOT NULL PRIMARY KEY, "value" character varying, "created_at" timestamp NOT NULL, "updated_at" timestamp NOT NULL)[0m
  ↳ db/schema.rb:13
  [1m[36mActiveRecord::InternalMetadata Load (0.4ms)[0m  [1m[34mSELECT  "ar_internal_metadata".* FROM "ar_internal_metadata" WHERE "ar_internal_metadata"."key" = $1 LIMIT $2[0m  [["key", "environment"], ["LIMIT", 1]]
  ↳ db/schema.rb:13
  [1m[35m (0.2ms)[0m  [1m[35mBEGIN[0m
  ↳ db/schema.rb:13
  [1m[36mActiveRecord::InternalMetadata Create (0.4ms)[0m  [1m[32mINSERT INTO "ar_internal_metadata" ("key", "value", "created_at", "updated_at") VALUES ($1, $2, $3, $4) RETURNING "key"[0m  [["key", "environment"], ["value", "development"], ["created_at", "2018-11-29 00:05:24.346549"], ["updated_at", "2018-11-29 00:05:24.346549"]]
  ↳ db/schema.rb:13
  [1m[35m (3.1ms)[0m  [1m[35mCOMMIT[0m
  ↳ db/schema.rb:13
  [1m[36mActiveRecord::InternalMetadata Load (0.4ms)[0m  [1m[34mSELECT  "ar_internal_metadata".* FROM "ar_internal_metadata" WHERE "ar_internal_metadata"."key" = $1 LIMIT $2[0m  [["key", "environment"], ["LIMIT", 1]]
  ↳ /home/daniele/.rvm/gems/ruby-2.5.3/bin/rake:23
  [1m[35m (0.2ms)[0m  [1m[35mBEGIN[0m
  ↳ /home/daniele/.rvm/gems/ruby-2.5.3/bin/rake:23
  [1m[35m (0.2ms)[0m  [1m[35mCOMMIT[0m
  ↳ /home/daniele/.rvm/gems/ruby-2.5.3/bin/rake:23
  [1m[35m (0.3ms)[0m  [1m[35mDROP TABLE IF EXISTS "rides" CASCADE[0m
  ↳ db/schema.rb:15
  [1m[35m (40.6ms)[0m  [1m[35mCREATE TABLE "rides" ("id" bigserial primary key, "owner_id" integer, "origin" character varying, "destination" character varying, "departure_at" timestamp, "capacity" integer, "price" decimal, "created_at" timestamp NOT NULL, "updated_at" timestamp NOT NULL)[0m
  ↳ db/schema.rb:15
  [1m[35m (7.6ms)[0m  [1m[35mCREATE  INDEX  "index_rides_on_owner_id" ON "rides"  ("owner_id")[0m
  ↳ db/schema.rb:15
  [1m[35m (0.3ms)[0m  [1m[35mDROP TABLE IF EXISTS "users" CASCADE[0m
  ↳ db/schema.rb:27
  [1m[35m (40.8ms)[0m  [1m[35mCREATE TABLE "users" ("id" bigserial primary key, "first_name" character varying, "last_name" character varying, "phone_number" character varying, "avatar" character varying, "email" character varying DEFAULT '' NOT NULL, "encrypted_password" character varying DEFAULT '' NOT NULL, "reset_password_token" character varying, "reset_password_sent_at" timestamp, "remember_created_at" timestamp, "created_at" timestamp NOT NULL, "updated_at" timestamp NOT NULL)[0m
  ↳ db/schema.rb:27
  [1m[35m (5.3ms)[0m  [1m[35mCREATE UNIQUE INDEX  "index_users_on_email" ON "users"  ("email")[0m
  ↳ db/schema.rb:27
  [1m[35m (10.2ms)[0m  [1m[35mCREATE UNIQUE INDEX  "index_users_on_reset_password_token" ON "users"  ("reset_password_token")[0m
  ↳ db/schema.rb:27
  [1m[35m (70.2ms)[0m  [1m[35mCREATE TABLE "schema_migrations" ("version" character varying NOT NULL PRIMARY KEY)[0m
  ↳ db/schema.rb:13
  [1m[35m (0.7ms)[0m  [1m[34mSELECT "schema_migrations"."version" FROM "schema_migrations" ORDER BY "schema_migrations"."version" ASC[0m
  ↳ db/schema.rb:13
  [1m[35m (38.5ms)[0m  [1m[32mINSERT INTO "schema_migrations" (version) VALUES (20181128234934)[0m
  ↳ db/schema.rb:13
  [1m[35m (2.7ms)[0m  [1m[32mINSERT INTO "schema_migrations" (version) VALUES
(20181128232510);

[0m
  ↳ db/schema.rb:13
  [1m[35m (106.0ms)[0m  [1m[35mCREATE TABLE "ar_internal_metadata" ("key" character varying NOT NULL PRIMARY KEY, "value" character varying, "created_at" timestamp NOT NULL, "updated_at" timestamp NOT NULL)[0m
  ↳ db/schema.rb:13
  [1m[36mActiveRecord::InternalMetadata Load (0.6ms)[0m  [1m[34mSELECT  "ar_internal_metadata".* FROM "ar_internal_metadata" WHERE "ar_internal_metadata"."key" = $1 LIMIT $2[0m  [["key", "environment"], ["LIMIT", 1]]
  ↳ db/schema.rb:13
  [1m[35m (0.8ms)[0m  [1m[35mBEGIN[0m
  ↳ db/schema.rb:13
  [1m[36mActiveRecord::InternalMetadata Create (0.6ms)[0m  [1m[32mINSERT INTO "ar_internal_metadata" ("key", "value", "created_at", "updated_at") VALUES ($1, $2, $3, $4) RETURNING "key"[0m  [["key", "environment"], ["value", "development"], ["created_at", "2018-11-29 00:05:24.720322"], ["updated_at", "2018-11-29 00:05:24.720322"]]
  ↳ db/schema.rb:13
  [1m[35m (138.5ms)[0m  [1m[35mCOMMIT[0m
  ↳ db/schema.rb:13
  [1m[36mActiveRecord::InternalMetadata Load (0.5ms)[0m  [1m[34mSELECT  "ar_internal_metadata".* FROM "ar_internal_metadata" WHERE "ar_internal_metadata"."key" = $1 LIMIT $2[0m  [["key", "environment"], ["LIMIT", 1]]
  ↳ /home/daniele/.rvm/gems/ruby-2.5.3/bin/rake:23
  [1m[35m (0.2ms)[0m  [1m[35mBEGIN[0m
  ↳ /home/daniele/.rvm/gems/ruby-2.5.3/bin/rake:23
  [1m[36mActiveRecord::InternalMetadata Update (0.4ms)[0m  [1m[33mUPDATE "ar_internal_metadata" SET "value" = $1, "updated_at" = $2 WHERE "ar_internal_metadata"."key" = $3[0m  [["value", "test"], ["updated_at", "2018-11-29 00:05:24.864224"], ["key", "environment"]]
  ↳ /home/daniele/.rvm/gems/ruby-2.5.3/bin/rake:23
  [1m[35m (6.9ms)[0m  [1m[35mCOMMIT[0m
  ↳ /home/daniele/.rvm/gems/ruby-2.5.3/bin/rake:23
  [1m[35m (0.5ms)[0m  [1m[34mSELECT "schema_migrations"."version" FROM "schema_migrations" ORDER BY "schema_migrations"."version" ASC[0m
  ↳ /home/daniele/.rvm/gems/ruby-2.5.3/bin/rake:23
  [1m[35m (0.3ms)[0m  [1m[34mSELECT pg_try_advisory_lock(2772519136651369770)[0m
  ↳ /home/daniele/.rvm/gems/ruby-2.5.3/bin/rake:23
  [1m[35m (0.6ms)[0m  [1m[34mSELECT "schema_migrations"."version" FROM "schema_migrations" ORDER BY "schema_migrations"."version" ASC[0m
  ↳ /home/daniele/.rvm/gems/ruby-2.5.3/bin/rake:23
  [1m[36mActiveRecord::InternalMetadata Load (0.4ms)[0m  [1m[34mSELECT  "ar_internal_metadata".* FROM "ar_internal_metadata" WHERE "ar_internal_metadata"."key" = $1 LIMIT $2[0m  [["key", "environment"], ["LIMIT", 1]]
  ↳ /home/daniele/.rvm/gems/ruby-2.5.3/bin/rake:23
  [1m[35m (0.3ms)[0m  [1m[35mBEGIN[0m
  ↳ /home/daniele/.rvm/gems/ruby-2.5.3/bin/rake:23
  [1m[35m (0.3ms)[0m  [1m[35mCOMMIT[0m
  ↳ /home/daniele/.rvm/gems/ruby-2.5.3/bin/rake:23
  [1m[35m (0.3ms)[0m  [1m[34mSELECT pg_advisory_unlock(2772519136651369770)[0m
  ↳ /home/daniele/.rvm/gems/ruby-2.5.3/bin/rake:23
  [1m[35m (0.3ms)[0m  [1m[34mSELECT "schema_migrations"."version" FROM "schema_migrations" ORDER BY "schema_migrations"."version" ASC[0m
  ↳ /home/daniele/.rvm/gems/ruby-2.5.3/bin/rake:23
  [1m[35m (0.6ms)[0m  [1m[34mSELECT "schema_migrations"."version" FROM "schema_migrations" ORDER BY "schema_migrations"."version" ASC[0m
  ↳ /home/daniele/.rvm/gems/ruby-2.5.3/bin/annotate:23
Started GET "/rides" for 127.0.0.1 at 2018-11-28 22:06:39 -0200
  [1m[35m (0.6ms)[0m  [1m[34mSELECT "schema_migrations"."version" FROM "schema_migrations" ORDER BY "schema_migrations"."version" ASC[0m
  ↳ /home/daniele/.rvm/gems/ruby-2.5.3/gems/activerecord-5.2.1.1/lib/active_record/log_subscriber.rb:98
Processing by RidesController#index as HTML
  [1m[36mUser Load (2.6ms)[0m  [1m[34mSELECT  "users".* FROM "users" WHERE "users"."id" = $1 ORDER BY "users"."id" ASC LIMIT $2[0m  [["id", 1], ["LIMIT", 1]]
  ↳ /home/daniele/.rvm/gems/ruby-2.5.3/gems/activerecord-5.2.1.1/lib/active_record/log_subscriber.rb:98
Completed 401 Unauthorized in 27ms (ActiveRecord: 6.7ms)


Started GET "/users/sign_in" for 127.0.0.1 at 2018-11-28 22:06:39 -0200
Processing by Devise::SessionsController#new as HTML
  Rendering /home/daniele/.rvm/gems/ruby-2.5.3/gems/devise-4.5.0/app/views/devise/sessions/new.html.erb within layouts/application
  Rendered /home/daniele/.rvm/gems/ruby-2.5.3/gems/devise-4.5.0/app/views/devise/shared/_links.html.erb (1.6ms)
  Rendered /home/daniele/.rvm/gems/ruby-2.5.3/gems/devise-4.5.0/app/views/devise/sessions/new.html.erb within layouts/application (15.3ms)
Completed 200 OK in 359ms (Views: 336.7ms | ActiveRecord: 0.0ms)


Started GET "/users/sign_up" for 127.0.0.1 at 2018-11-28 22:06:48 -0200
Processing by Devise::RegistrationsController#new as HTML
  Rendering /home/daniele/.rvm/gems/ruby-2.5.3/gems/devise-4.5.0/app/views/devise/registrations/new.html.erb within layouts/application
  Rendered /home/daniele/.rvm/gems/ruby-2.5.3/gems/devise-4.5.0/app/views/devise/shared/_links.html.erb (1.2ms)
  Rendered /home/daniele/.rvm/gems/ruby-2.5.3/gems/devise-4.5.0/app/views/devise/registrations/new.html.erb within layouts/application (5.9ms)
Completed 200 OK in 33ms (Views: 31.1ms | ActiveRecord: 0.0ms)


Started POST "/users" for 127.0.0.1 at 2018-11-28 22:07:05 -0200
Processing by Devise::RegistrationsController#create as HTML
  Parameters: {"utf8"=>"✓", "authenticity_token"=>"DCmvhRZRzTJn37RHcfbWmmVawqm70703v7j2Y5XkfoMDGbAQJ7e1uBDwpN0mgkCsGTn/fcX/eXB/XbNlw0qsdw==", "user"=>{"email"=>"meuemail@mail.com", "password"=>"[FILTERED]", "password_confirmation"=>"[FILTERED]"}, "commit"=>"Sign up"}
  [1m[35m (0.5ms)[0m  [1m[35mBEGIN[0m
  ↳ /home/daniele/.rvm/gems/ruby-2.5.3/gems/activerecord-5.2.1.1/lib/active_record/log_subscriber.rb:98
  [1m[36mUser Exists (1.0ms)[0m  [1m[34mSELECT  1 AS one FROM "users" WHERE "users"."email" = $1 LIMIT $2[0m  [["email", "meuemail@mail.com"], ["LIMIT", 1]]
  ↳ /home/daniele/.rvm/gems/ruby-2.5.3/gems/activerecord-5.2.1.1/lib/active_record/log_subscriber.rb:98
  [1m[36mUser Create (0.5ms)[0m  [1m[32mINSERT INTO "users" ("email", "encrypted_password", "created_at", "updated_at") VALUES ($1, $2, $3, $4) RETURNING "id"[0m  [["email", "meuemail@mail.com"], ["encrypted_password", "$2a$11$MzDLCtTWU3Gi4mXt8auCbeQA64xxDbmkVUN06Lp31YDqEXK2xRIEa"], ["created_at", "2018-11-29 00:07:05.205268"], ["updated_at", "2018-11-29 00:07:05.205268"]]
  ↳ /home/daniele/.rvm/gems/ruby-2.5.3/gems/activerecord-5.2.1.1/lib/active_record/log_subscriber.rb:98
  [1m[35m (456.0ms)[0m  [1m[35mCOMMIT[0m
  ↳ /home/daniele/.rvm/gems/ruby-2.5.3/gems/activerecord-5.2.1.1/lib/active_record/log_subscriber.rb:98
Redirected to http://localhost:3000/rides
Completed 302 Found in 591ms (ActiveRecord: 458.0ms)


Started GET "/rides" for 127.0.0.1 at 2018-11-28 22:07:05 -0200
Processing by RidesController#index as HTML
  [1m[36mUser Load (0.7ms)[0m  [1m[34mSELECT  "users".* FROM "users" WHERE "users"."id" = $1 ORDER BY "users"."id" ASC LIMIT $2[0m  [["id", 1], ["LIMIT", 1]]
  ↳ /home/daniele/.rvm/gems/ruby-2.5.3/gems/activerecord-5.2.1.1/lib/active_record/log_subscriber.rb:98
  Rendering rides/index.html.erb within layouts/application
  [1m[36mRide Load (0.9ms)[0m  [1m[34mSELECT "rides".* FROM "rides" WHERE "rides"."owner_id" = $1[0m  [["owner_id", 1]]
  ↳ app/views/rides/index.html.erb:19
  Rendered rides/index.html.erb within layouts/application (7.6ms)
Completed 200 OK in 42ms (Views: 26.3ms | ActiveRecord: 3.4ms)


Started GET "/rides/new" for 127.0.0.1 at 2018-11-28 22:07:09 -0200
Processing by RidesController#new as HTML
  [1m[36mUser Load (0.5ms)[0m  [1m[34mSELECT  "users".* FROM "users" WHERE "users"."id" = $1 ORDER BY "users"."id" ASC LIMIT $2[0m  [["id", 1], ["LIMIT", 1]]
  ↳ /home/daniele/.rvm/gems/ruby-2.5.3/gems/activerecord-5.2.1.1/lib/active_record/log_subscriber.rb:98
  Rendering rides/new.html.erb within layouts/application
  Rendered rides/_form.html.erb (11.5ms)
  Rendered rides/new.html.erb within layouts/application (13.4ms)
Completed 200 OK in 51ms (Views: 33.4ms | ActiveRecord: 2.0ms)


Started POST "/rides" for 127.0.0.1 at 2018-11-28 22:07:39 -0200
Processing by RidesController#create as HTML
  Parameters: {"utf8"=>"✓", "authenticity_token"=>"ylkkuXOTHnJwPhR2NPY1mcUGzkQHXODmZFv9pY5C7EDAZBTh8Plj3vuydNgdGXrFX1nBJkUf7lifY9spSFbwbA==", "ride"=>{"origin"=>"Paris", "destination"=>"Saint-Malo", "departure_at(1i)"=>"2019", "departure_at(2i)"=>"7", "departure_at(3i)"=>"26", "departure_at(4i)"=>"13", "departure_at(5i)"=>"07", "capacity"=>"3", "price"=>"20"}, "commit"=>"Create Ride"}
  [1m[36mUser Load (0.6ms)[0m  [1m[34mSELECT  "users".* FROM "users" WHERE "users"."id" = $1 ORDER BY "users"."id" ASC LIMIT $2[0m  [["id", 1], ["LIMIT", 1]]
  ↳ /home/daniele/.rvm/gems/ruby-2.5.3/gems/activerecord-5.2.1.1/lib/active_record/log_subscriber.rb:98
  [1m[35m (0.4ms)[0m  [1m[35mBEGIN[0m
  ↳ app/controllers/rides_controller.rb:30
  [1m[36mUser Load (0.4ms)[0m  [1m[34mSELECT  "users".* FROM "users" WHERE "users"."id" = $1 LIMIT $2[0m  [["id", 1], ["LIMIT", 1]]
  ↳ app/controllers/rides_controller.rb:30
  [1m[36mRide Create (0.6ms)[0m  [1m[32mINSERT INTO "rides" ("owner_id", "origin", "destination", "departure_at", "capacity", "price", "created_at", "updated_at") VALUES ($1, $2, $3, $4, $5, $6, $7, $8) RETURNING "id"[0m  [["owner_id", 1], ["origin", "Paris"], ["destination", "Saint-Malo"], ["departure_at", "2019-07-26 13:07:00"], ["capacity", 3], ["price", "20.0"], ["created_at", "2018-11-29 00:07:39.967877"], ["updated_at", "2018-11-29 00:07:39.967877"]]
  ↳ app/controllers/rides_controller.rb:30
  [1m[35m (73.8ms)[0m  [1m[35mCOMMIT[0m
  ↳ app/controllers/rides_controller.rb:30
Redirected to http://localhost:3000/rides/1
Completed 302 Found in 100ms (ActiveRecord: 75.8ms)


Started GET "/rides/1" for 127.0.0.1 at 2018-11-28 22:07:40 -0200
Processing by RidesController#show as HTML
  Parameters: {"id"=>"1"}
  [1m[36mUser Load (0.6ms)[0m  [1m[34mSELECT  "users".* FROM "users" WHERE "users"."id" = $1 ORDER BY "users"."id" ASC LIMIT $2[0m  [["id", 1], ["LIMIT", 1]]
  ↳ /home/daniele/.rvm/gems/ruby-2.5.3/gems/activerecord-5.2.1.1/lib/active_record/log_subscriber.rb:98
  [1m[36mRide Load (0.6ms)[0m  [1m[34mSELECT  "rides".* FROM "rides" WHERE "rides"."owner_id" = $1 AND "rides"."id" = $2 LIMIT $3[0m  [["owner_id", 1], ["id", 1], ["LIMIT", 1]]
  ↳ app/controllers/rides_controller.rb:67
  Rendering rides/show.html.erb within layouts/application
  [1m[36mUser Load (0.4ms)[0m  [1m[34mSELECT  "users".* FROM "users" WHERE "users"."id" = $1 LIMIT $2[0m  [["id", 1], ["LIMIT", 1]]
  ↳ app/views/rides/show.html.erb:5
  Rendered rides/show.html.erb within layouts/application (3.2ms)
Completed 200 OK in 35ms (Views: 28.9ms | ActiveRecord: 1.6ms)


Started GET "/rides" for 127.0.0.1 at 2018-11-28 22:08:18 -0200
Processing by RidesController#index as HTML
  [1m[36mUser Load (0.6ms)[0m  [1m[34mSELECT  "users".* FROM "users" WHERE "users"."id" = $1 ORDER BY "users"."id" ASC LIMIT $2[0m  [["id", 1], ["LIMIT", 1]]
  ↳ /home/daniele/.rvm/gems/ruby-2.5.3/gems/activerecord-5.2.1.1/lib/active_record/log_subscriber.rb:98
  Rendering rides/index.html.erb within layouts/application
  [1m[36mRide Load (0.9ms)[0m  [1m[34mSELECT "rides".* FROM "rides" WHERE "rides"."owner_id" = $1[0m  [["owner_id", 1]]
  ↳ app/views/rides/index.html.erb:19
  [1m[36mUser Load (0.4ms)[0m  [1m[34mSELECT  "users".* FROM "users" WHERE "users"."id" = $1 LIMIT $2[0m  [["id", 1], ["LIMIT", 1]]
  ↳ app/views/rides/index.html.erb:21
  Rendered rides/index.html.erb within layouts/application (5.6ms)
Completed 200 OK in 49ms (Views: 44.0ms | ActiveRecord: 1.9ms)


Started GET "/rides/1/edit" for 127.0.0.1 at 2018-11-28 22:08:22 -0200
Processing by RidesController#edit as HTML
  Parameters: {"id"=>"1"}
  [1m[36mUser Load (0.5ms)[0m  [1m[34mSELECT  "users".* FROM "users" WHERE "users"."id" = $1 ORDER BY "users"."id" ASC LIMIT $2[0m  [["id", 1], ["LIMIT", 1]]
  ↳ /home/daniele/.rvm/gems/ruby-2.5.3/gems/activerecord-5.2.1.1/lib/active_record/log_subscriber.rb:98
  [1m[36mRide Load (0.6ms)[0m  [1m[34mSELECT  "rides".* FROM "rides" WHERE "rides"."owner_id" = $1 AND "rides"."id" = $2 LIMIT $3[0m  [["owner_id", 1], ["id", 1], ["LIMIT", 1]]
  ↳ app/controllers/rides_controller.rb:67
  Rendering rides/edit.html.erb within layouts/application
  Rendered rides/_form.html.erb (6.6ms)
  Rendered rides/edit.html.erb within layouts/application (7.9ms)
Completed 200 OK in 35ms (Views: 29.2ms | ActiveRecord: 1.1ms)


Started PATCH "/rides/1" for 127.0.0.1 at 2018-11-28 22:08:34 -0200
Processing by RidesController#update as HTML
  Parameters: {"utf8"=>"✓", "authenticity_token"=>"3GdenWmmheg2i5nDHD3MDm+11tq+/y6gAyTKrVjKPYqdFefRau+SD0pEH1REt4ImJIkLUayXYXUNrg+xwY/OPQ==", "ride"=>{"origin"=>"Paris", "destination"=>"Saint-Malo", "departure_at(1i)"=>"2019", "departure_at(2i)"=>"7", "departure_at(3i)"=>"26", "departure_at(4i)"=>"13", "departure_at(5i)"=>"07", "capacity"=>"2", "price"=>"20.0"}, "commit"=>"Update Ride", "id"=>"1"}
  [1m[36mUser Load (0.6ms)[0m  [1m[34mSELECT  "users".* FROM "users" WHERE "users"."id" = $1 ORDER BY "users"."id" ASC LIMIT $2[0m  [["id", 1], ["LIMIT", 1]]
  ↳ /home/daniele/.rvm/gems/ruby-2.5.3/gems/activerecord-5.2.1.1/lib/active_record/log_subscriber.rb:98
  [1m[36mRide Load (0.4ms)[0m  [1m[34mSELECT  "rides".* FROM "rides" WHERE "rides"."owner_id" = $1 AND "rides"."id" = $2 LIMIT $3[0m  [["owner_id", 1], ["id", 1], ["LIMIT", 1]]
  ↳ app/controllers/rides_controller.rb:67
  [1m[35m (2.2ms)[0m  [1m[35mBEGIN[0m
  ↳ app/controllers/rides_controller.rb:44
  [1m[36mUser Load (0.9ms)[0m  [1m[34mSELECT  "users".* FROM "users" WHERE "users"."id" = $1 LIMIT $2[0m  [["id", 1], ["LIMIT", 1]]
  ↳ app/controllers/rides_controller.rb:44
  [1m[36mRide Update (1.4ms)[0m  [1m[33mUPDATE "rides" SET "capacity" = $1, "updated_at" = $2 WHERE "rides"."id" = $3[0m  [["capacity", 2], ["updated_at", "2018-11-29 00:08:34.214454"], ["id", 1]]
  ↳ app/controllers/rides_controller.rb:44
  [1m[35m (86.5ms)[0m  [1m[35mCOMMIT[0m
  ↳ app/controllers/rides_controller.rb:44
Redirected to http://localhost:3000/rides/1
Completed 302 Found in 101ms (ActiveRecord: 92.0ms)


Started GET "/rides/1" for 127.0.0.1 at 2018-11-28 22:08:34 -0200
Processing by RidesController#show as HTML
  Parameters: {"id"=>"1"}
  [1m[36mUser Load (0.5ms)[0m  [1m[34mSELECT  "users".* FROM "users" WHERE "users"."id" = $1 ORDER BY "users"."id" ASC LIMIT $2[0m  [["id", 1], ["LIMIT", 1]]
  ↳ /home/daniele/.rvm/gems/ruby-2.5.3/gems/activerecord-5.2.1.1/lib/active_record/log_subscriber.rb:98
  [1m[36mRide Load (0.4ms)[0m  [1m[34mSELECT  "rides".* FROM "rides" WHERE "rides"."owner_id" = $1 AND "rides"."id" = $2 LIMIT $3[0m  [["owner_id", 1], ["id", 1], ["LIMIT", 1]]
  ↳ app/controllers/rides_controller.rb:67
  Rendering rides/show.html.erb within layouts/application
  [1m[36mUser Load (0.4ms)[0m  [1m[34mSELECT  "users".* FROM "users" WHERE "users"."id" = $1 LIMIT $2[0m  [["id", 1], ["LIMIT", 1]]
  ↳ app/views/rides/show.html.erb:5
  Rendered rides/show.html.erb within layouts/application (3.7ms)
Completed 200 OK in 33ms (Views: 27.8ms | ActiveRecord: 1.2ms)


Started GET "/rides" for 127.0.0.1 at 2018-11-28 22:08:46 -0200
Processing by RidesController#index as HTML
  [1m[36mUser Load (0.5ms)[0m  [1m[34mSELECT  "users".* FROM "users" WHERE "users"."id" = $1 ORDER BY "users"."id" ASC LIMIT $2[0m  [["id", 1], ["LIMIT", 1]]
  ↳ /home/daniele/.rvm/gems/ruby-2.5.3/gems/activerecord-5.2.1.1/lib/active_record/log_subscriber.rb:98
  Rendering rides/index.html.erb within layouts/application
  [1m[36mRide Load (0.4ms)[0m  [1m[34mSELECT "rides".* FROM "rides" WHERE "rides"."owner_id" = $1[0m  [["owner_id", 1]]
  ↳ app/views/rides/index.html.erb:19
  [1m[36mUser Load (0.3ms)[0m  [1m[34mSELECT  "users".* FROM "users" WHERE "users"."id" = $1 LIMIT $2[0m  [["id", 1], ["LIMIT", 1]]
  ↳ app/views/rides/index.html.erb:21
  Rendered rides/index.html.erb within layouts/application (3.7ms)
Completed 200 OK in 29ms (Views: 24.6ms | ActiveRecord: 1.2ms)


Started DELETE "/rides/1" for 127.0.0.1 at 2018-11-28 22:08:55 -0200
Processing by RidesController#destroy as HTML
  Parameters: {"authenticity_token"=>"gHGc3WJ6XZp6kV75cXKUCafZfNaKx2gie68r+6jF7dJOe/SSf/RbWNP/XanWFMJnVeR1otmixixOuItQf8gdCQ==", "id"=>"1"}
  [1m[36mUser Load (0.4ms)[0m  [1m[34mSELECT  "users".* FROM "users" WHERE "users"."id" = $1 ORDER BY "users"."id" ASC LIMIT $2[0m  [["id", 1], ["LIMIT", 1]]
  ↳ /home/daniele/.rvm/gems/ruby-2.5.3/gems/activerecord-5.2.1.1/lib/active_record/log_subscriber.rb:98
  [1m[36mRide Load (0.5ms)[0m  [1m[34mSELECT  "rides".* FROM "rides" WHERE "rides"."owner_id" = $1 AND "rides"."id" = $2 LIMIT $3[0m  [["owner_id", 1], ["id", 1], ["LIMIT", 1]]
  ↳ app/controllers/rides_controller.rb:67
  [1m[35m (0.2ms)[0m  [1m[35mBEGIN[0m
  ↳ app/controllers/rides_controller.rb:57
  [1m[36mRide Destroy (0.3ms)[0m  [1m[31mDELETE FROM "rides" WHERE "rides"."id" = $1[0m  [["id", 1]]
  ↳ app/controllers/rides_controller.rb:57
  [1m[35m (160.2ms)[0m  [1m[35mCOMMIT[0m
  ↳ app/controllers/rides_controller.rb:57
Redirected to http://localhost:3000/rides
Completed 302 Found in 167ms (ActiveRecord: 161.6ms)


Started GET "/rides" for 127.0.0.1 at 2018-11-28 22:08:55 -0200
Processing by RidesController#index as HTML
  [1m[36mUser Load (0.4ms)[0m  [1m[34mSELECT  "users".* FROM "users" WHERE "users"."id" = $1 ORDER BY "users"."id" ASC LIMIT $2[0m  [["id", 1], ["LIMIT", 1]]
  ↳ /home/daniele/.rvm/gems/ruby-2.5.3/gems/activerecord-5.2.1.1/lib/active_record/log_subscriber.rb:98
  Rendering rides/index.html.erb within layouts/application
  [1m[36mRide Load (0.4ms)[0m  [1m[34mSELECT "rides".* FROM "rides" WHERE "rides"."owner_id" = $1[0m  [["owner_id", 1]]
  ↳ app/views/rides/index.html.erb:19
  Rendered rides/index.html.erb within layouts/application (2.5ms)
Completed 200 OK in 28ms (Views: 24.1ms | ActiveRecord: 0.8ms)


